Allocate 4 bytes.
Before: 00000000 00000000 00000000 00000000 00000000 00000000 00000000 00000000 
After:  11110000 00000000 00000000 00000000 00000000 00000000 00000000 00000000 

Allocate 32 bytes.
Before: 11110000 00000000 00000000 00000000 00000000 00000000 00000000 00000000 
After:  11111111 11111111 11111111 11111111 11110000 00000000 00000000 00000000 

Allocate 2 bytes.
Before: 11111111 11111111 11111111 11111111 11110000 00000000 00000000 00000000 
After:  11111111 11111111 11111111 11111111 11111100 00000000 00000000 00000000 

Free
Before: 11111111 11111111 11111111 11111111 11111100 00000000 00000000 00000000 
After:  11110000 00000000 00000000 00000000 00001100 00000000 00000000 00000000 

Allocate 12 bytes.
Before: 11110000 00000000 00000000 00000000 00001100 00000000 00000000 00000000 
After:  11111111 11111111 00000000 00000000 00001100 00000000 00000000 00000000 

Allocate 24 bytes.
Before: 11111111 11111111 00000000 00000000 00001100 00000000 00000000 00000000 
After:  11111111 11111111 00000000 00000000 00001111 11111111 11111111 11111100 

Allocate 18 bytes.
Before: 11111111 11111111 00000000 00000000 00001111 11111111 11111111 11111100 
After:  11111111 11111111 11111111 11111111 11001111 11111111 11111111 11111100 

Free
Before: 11111111 11111111 11111111 11111111 11001111 11111111 11111111 11111100 
After:  00001111 11111111 11111111 11111111 11001111 11111111 11111111 11111100 

Allocate 2 bytes.
Before: 00001111 11111111 11111111 11111111 11001111 11111111 11111111 11111100 
After:  11001111 11111111 11111111 11111111 11001111 11111111 11111111 11111100 

Free
Before: 11001111 11111111 11111111 11111111 11001111 11111111 11111111 11111100 
After:  00001111 11111111 11111111 11111111 11001111 11111111 11111111 11111100 

Free
Before: 00001111 11111111 11111111 11111111 11001111 11111111 11111111 11111100 
After:  00000000 00000000 11111111 11111111 11001111 11111111 11111111 11111100 

Free
Before: 00000000 00000000 11111111 11111111 11001111 11111111 11111111 11111100 
After:  00000000 00000000 11111111 11111111 11000011 11111111 11111111 11111100 

Free
Before: 00000000 00000000 11111111 11111111 11000011 11111111 11111111 11111100 
After:  00000000 00000000 11111111 11111111 11000000 00000000 00000000 00000000 

Free
Before: 00000000 00000000 11111111 11111111 11000000 00000000 00000000 00000000 
After:  00000000 00000000 00000000 00000000 00000000 00000000 00000000 00000000 

